<?xml version="1.0" encoding="UTF-8"?>
<testng-results skipped="0" failed="0" total="1" passed="1">
  <reporter-output>
  </reporter-output>
  <suite name="TestNG Learning" duration-ms="32723" started-at="2016-12-23T06:44:47Z" finished-at="2016-12-23T06:45:20Z">
    <groups>
    </groups>
    <test name="Login test" duration-ms="32723" started-at="2016-12-23T06:44:47Z" finished-at="2016-12-23T06:45:20Z">
      <class name="com.singpost.vpost.flow.Payment">
        <test-method status="PASS" signature="setUp()[pri:0, instance:com.singpost.vpost.flow.Payment@aed80c]" name="setUp" is-config="true" duration-ms="14039" started-at="2016-12-23T12:14:47Z" finished-at="2016-12-23T12:15:01Z">
          <reporter-output>
          </reporter-output>
        </test-method> <!-- setUp -->
        <test-method status="PASS" signature="checkoutAsRegisteredLoginUserFlow(java.lang.String, java.lang.String)[pri:0, instance:com.singpost.vpost.flow.Payment@aed80c]" name="checkoutAsRegisteredLoginUserFlow" duration-ms="13107" started-at="2016-12-23T12:15:01Z" data-provider="getData" finished-at="2016-12-23T12:15:14Z">
          <params>
            <param index="0">
              <value>
                <![CDATA[nandakumar.k@vit.in]]>
              </value>
            </param>
            <param index="1">
              <value>
                <![CDATA[Singpost@123]]>
              </value>
            </param>
          </params>
          <reporter-output>
          </reporter-output>
        </test-method> <!-- checkoutAsRegisteredLoginUserFlow -->
        <test-method status="PASS" signature="quitDriver()[pri:0, instance:com.singpost.vpost.flow.Payment@aed80c]" name="quitDriver" is-config="true" duration-ms="5561" started-at="2016-12-23T12:15:14Z" finished-at="2016-12-23T12:15:20Z">
          <reporter-output>
          </reporter-output>
        </test-method> <!-- quitDriver -->
      </class> <!-- com.singpost.vpost.flow.Payment -->
    </test> <!-- Login test -->
  </suite> <!-- TestNG Learning -->
</testng-results>
